Arguments: 
  /usr/local/bin/node /snap/node/7346/bin/yarn.js install

PATH: 
  /home/pil/.autojump/bin:/home/pil/.local/bin:/home/pil/.local/bin:/home/pil/.cargo/bin:/usr/local/sbin:/usr/local/bin:/usr/sbin:/usr/bin:/sbin:/bin:/usr/games:/usr/local/games:/snap/bin:/snap/bin:/home/pil/.local/bin:/home/pil/.fig/bin

Yarn version: 
  1.22.19

Node version: 
  18.16.0

Platform: 
  linux x64

Trace: 
  Error: connect EHOSTUNREACH 2606:4700::6810:1a23:443
      at TCPConnectWrap.afterConnect [as oncomplete] (node:net:1494:16)

npm manifest: 
  {
    "name": "mock-debug",
    "displayName": "Mock Debug",
    "version": "0.24.0",
    "publisher": "...",
    "description": "Starter extension for developing debug adapters for VS Code.",
    "author": {
      "name": "...",
      "email": "..."
    },
    "categories": ["Debuggers"],
  "scripts": {
      "compile": "tsc -p ./",
      "lint": "eslint src --ext ts",
      "typecheck": "tsc -p tsconfig.json --noEmit",
      "esbuild-base": "esbuild ./src/extension.ts --bundle --tsconfig=./tsconfig.json --external:vscode --format=cjs --platform=node --outfile=dist/extension.js",
      "watch": "npm run -S esbuild-base -- --sourcemap --sources-content=false --watch",
      "esbuild-web": "esbuild ./src/web-extension.ts --bundle --tsconfig=./tsconfig.json --external:vscode --format=cjs --platform=browser --outfile=dist/web-extension.js",
      "watch-web": "npm run -S esbuild-web -- --sourcemap --sources-content=false --watch",
      "build": "npm run -S esbuild-base -- --sourcemap --sources-content=false && npm run -S esbuild-web -- --sourcemap --sources-content=false",
      "package": "vsce package",
      "publish": "vsce publish",
      "publish-pre-release": "vsce publish --pre-release",
      "vscode:prepublish": "rimraf dist && npm run -S esbuild-base -- --minify && npm run -S esbuild-web -- --minify",
      "test": "npm run typecheck"
    },
    "devDependencies": {
      "@types/glob": "^7.2.0",
      "@types/mocha": "^9.1.0",
      "@types/node": "^14.14.37",
      "@types/vscode": "^1.66.0",
      "@typescript-eslint/eslint-plugin": "^5.17.0",
      "@typescript-eslint/parser": "^5.17.0",
      "@vscode/debugadapter": "^1.56.0",
      "@vscode/debugadapter-testsupport": "^1.56.0",
      "await-notify": "^1.0.1",
      "base64-js": "^1.5.1",
      "esbuild": "^0.14.29",
      "eslint": "^8.12.0",
      "events": "^3.3.0",
      "glob": "^7.2.0",
      "mocha": "^9.2.2",
      "path-browserify": "^1.0.1",
      "rimraf": "^3.0.2",
      "typescript": "^4.6.3",
      "url": "^0.11.0",
      "vsce": "^2.7.0"
    },
    "main": "./dist/extension.js",
    "browser": "./dist/web-extension.js",
    "activationEvents": [
      "onDebugResolve:mock",
      "onDebugDynamicConfigurations:mock",
      "onCommand:extension.mock-debug.getProgramName"
    ],
  
    "contributes": {
      "breakpoints": [],
      "debuggers": [
        {
          "type": "retread",
          "label": "Retread: Log Replay Debugger",
  
          "program": "/home/pil/projects/retread/target/debug/retread",
  
          "configurationAttributes": {
            "launch": {
              "required": ["log_file"],
              "properties": {
                "program": {
                  "type": "string",
                  "description": "Absolute path to a text file.",
                  "default": "${workspaceFolder}/${command:AskForProgramName}"
                },
                "stopOnEntry": {
                  "type": "boolean",
                  "description": "Automatically stop after launch.",
                  "default": true
                }
              }
            }
          },
  
          "initialConfigurations": [
            {
              "type": "retread",
              "request": "launch",
              "name": "Ask for file name",
              "program": "",
              "stopOnEntry": true
            }
          ],
  
          "configurationSnippets": [
            {
              "label": "Retread: Launch",
              "description": "A new configuration for launching a mock debug program",
              "body": {
                "type": "retread",
                "request": "launch",
                "name": "${2:Launch Program}",
                "program": "^\"\\${workspaceFolder}/${1:Program}\""
              }
            }
          ]
  
        }
      ]
    },
  
    "activationEvents": ["onDebug"]
  }

yarn manifest: 
  No manifest

Lockfile: 
  No lockfile
